<?xml version="1.0" encoding="UTF-8"?>
<!-- Generated by org.testng.reporters.JUnitReportReporter -->
<testsuite hostname="DESKTOP-8PDR25K" failures="0" tests="1" name="beauty.LaunchPurplle" time="12.925" errors="0" timestamp="2024-03-06T10:38:49 IST" skipped="0">
  <testcase classname="beauty.LaunchPurplle" name="launch" time="12.925"/>
  <system-out/>
</testsuite> <!-- beauty.LaunchPurplle -->
